0 silly argv {
0 silly argv   _: [ 'create' ],
0 silly argv   lernaVersion: '7.1.5',
0 silly argv   '$0': '/opt/homebrew/bin/lerna',
0 silly argv   name: 'water-cli'
0 silly argv }
1 notice cli v7.1.5
2 verbose packageConfigs Resolving packages based on package.json "workspaces" configuration.
3 verbose rootPath /Users/wuxiali/Documents/demo/lerna-test
4 warn ENOREMOTE No git remote found, skipping repository property
5 error Error: canceled
5 error     at Interface.<anonymous> (/Users/wuxiali/Documents/demo/lerna-test/node_modules/read/lib/read.js:79:15)
5 error     at Interface.emit (node:events:512:28)
5 error     at [_ttyWrite] [as _ttyWrite] (node:internal/readline/interface:1124:18)
5 error     at ReadStream.onkeypress (node:internal/readline/interface:263:20)
5 error     at ReadStream.emit (node:events:512:28)
5 error     at emitKeys (node:internal/readline/utils:357:14)
5 error     at emitKeys.next (<anonymous>)
5 error     at ReadStream.onData (node:internal/readline/emitKeypressEvents:64:36)
5 error     at ReadStream.emit (node:events:512:28)
